mkdir: cannot create directory '/mnt/lustre/hms-01/fs01/joshua.moss/cedar/embryo/tko_analysis/bamCoverage_results': File exists
verbose: False
out_file_for_raw_data: None
numberOfSamples: None
bedFile: None
bamFilesList: ['/mnt/lustre/hms-01/fs01/joshua.moss/cedar/embryo/tko_analysis/data_sorted_filt/tko_rnap.bam']
ignoreDuplicates: True
numberOfProcessors: 16
samFlag_exclude: None
save_data: False
blackList: None
stepSize: 25
smoothLength: None
center_read: False
defaultFragmentLength: 265
chrsToSkip: []
region: None
maxPairedFragmentLength: 1060
samFlag_include: None
binLength: 25
blackListFileName: None
minMappingQuality: None
zerosToNans: False
